<?xml version="1.0" encoding="UTF-8"?>
<coverage generated="1781835240744" clover="3.2.0">
  <project timestamp="1781835240744" name="All files">
    <metrics statements="120" coveredstatements="120" conditionals="78" coveredconditionals="78" methods="33" coveredmethods="33" elements="231" coveredelements="231" complexity="0" loc="120" ncloc="120" packages="1" files="8" classes="8"/>
    <file name="addons.ts" path="D:\Users\axeld\Kaizen\takehome\kaizen-wheels-takehome-ad\app\lib\addons.ts">
      <metrics statements="11" coveredstatements="11" conditionals="4" coveredconditionals="4" methods="5" coveredmethods="5"/>
      <line num="19" count="18" type="cond" truecount="2" falsecount="0"/>
      <line num="20" count="8" type="stmt"/>
      <line num="28" count="10" type="stmt"/>
      <line num="29" count="10" type="stmt"/>
      <line num="38" count="2" type="cond" truecount="2" falsecount="0"/>
      <line num="39" count="1" type="stmt"/>
      <line num="41" count="1" type="stmt"/>
      <line num="49" count="5" type="stmt"/>
      <line num="50" count="22" type="stmt"/>
      <line num="52" count="11" type="stmt"/>
      <line num="53" count="11" type="stmt"/>
    </file>
    <file name="availability.ts" path="D:\Users\axeld\Kaizen\takehome\kaizen-wheels-takehome-ad\app\lib\availability.ts">
      <metrics statements="1" coveredstatements="1" conditionals="2" coveredconditionals="2" methods="1" coveredmethods="1"/>
      <line num="11" count="7" type="cond" truecount="2" falsecount="0"/>
    </file>
    <file name="discounts.ts" path="D:\Users\axeld\Kaizen\takehome\kaizen-wheels-takehome-ad\app\lib\discounts.ts">
      <metrics statements="31" coveredstatements="31" conditionals="15" coveredconditionals="15" methods="9" coveredmethods="9"/>
      <line num="13" count="12" type="cond" truecount="3" falsecount="0"/>
      <line num="15" count="5" type="stmt"/>
      <line num="17" count="5" type="stmt"/>
      <line num="19" count="2" type="stmt"/>
      <line num="24" count="13" type="stmt"/>
      <line num="32" count="22" type="stmt"/>
      <line num="33" count="22" type="stmt"/>
      <line num="37" count="8" type="stmt"/>
      <line num="41" count="11" type="stmt"/>
      <line num="48" count="8" type="stmt"/>
      <line num="49" count="8" type="stmt"/>
      <line num="57" count="12" type="stmt"/>
      <line num="58" count="12" type="stmt"/>
      <line num="59" count="12" type="stmt"/>
      <line num="61" count="12" type="stmt"/>
      <line num="65" count="12" type="cond" truecount="2" falsecount="0"/>
      <line num="66" count="6" type="stmt"/>
      <line num="72" count="12" type="cond" truecount="2" falsecount="0"/>
      <line num="73" count="6" type="stmt"/>
      <line num="79" count="12" type="stmt"/>
      <line num="80" count="16" type="cond" truecount="2" falsecount="0"/>
      <line num="81" count="10" type="stmt"/>
      <line num="83" count="6" type="stmt"/>
      <line num="86" count="12" type="stmt"/>
      <line num="102" count="3" type="stmt"/>
      <line num="103" count="3" type="stmt"/>
      <line num="105" count="3" type="cond" truecount="4" falsecount="0"/>
      <line num="106" count="1" type="stmt"/>
      <line num="111" count="2" type="cond" truecount="2" falsecount="0"/>
      <line num="112" count="1" type="stmt"/>
      <line num="115" count="1" type="stmt"/>
    </file>
    <file name="formatters.tsx" path="D:\Users\axeld\Kaizen\takehome\kaizen-wheels-takehome-ad\app\lib\formatters.tsx">
      <metrics statements="2" coveredstatements="2" conditionals="0" coveredconditionals="0" methods="2" coveredmethods="2"/>
      <line num="2" count="2" type="stmt"/>
      <line num="6" count="4" type="stmt"/>
    </file>
    <file name="holidays.ts" path="D:\Users\axeld\Kaizen\takehome\kaizen-wheels-takehome-ad\app\lib\holidays.ts">
      <metrics statements="17" coveredstatements="17" conditionals="7" coveredconditionals="7" methods="4" coveredmethods="4"/>
      <line num="3" count="3" type="stmt"/>
      <line num="16" count="3" type="stmt"/>
      <line num="18" count="3" type="stmt"/>
      <line num="19" count="3" type="stmt"/>
      <line num="20" count="3" type="stmt"/>
      <line num="23" count="161" type="stmt"/>
      <line num="24" count="1444" type="cond" truecount="2" falsecount="0"/>
      <line num="29" count="24" type="stmt"/>
      <line num="30" count="24" type="stmt"/>
      <line num="32" count="24" type="stmt"/>
      <line num="33" count="126" type="cond" truecount="2" falsecount="0"/>
      <line num="34" count="16" type="stmt"/>
      <line num="36" count="110" type="stmt"/>
      <line num="39" count="8" type="stmt"/>
      <line num="46" count="19" type="stmt"/>
      <line num="47" count="19" type="stmt"/>
      <line num="49" count="19" type="stmt"/>
    </file>
    <file name="pricing.ts" path="D:\Users\axeld\Kaizen\takehome\kaizen-wheels-takehome-ad\app\lib\pricing.ts">
      <metrics statements="13" coveredstatements="13" conditionals="6" coveredconditionals="6" methods="4" coveredmethods="4"/>
      <line num="4" count="63" type="stmt"/>
      <line num="8" count="7" type="stmt"/>
      <line num="9" count="7" type="stmt"/>
      <line num="11" count="7" type="cond" truecount="4" falsecount="0"/>
      <line num="12" count="1" type="stmt"/>
      <line num="17" count="6" type="cond" truecount="2" falsecount="0"/>
      <line num="18" count="2" type="stmt"/>
      <line num="21" count="4" type="stmt"/>
      <line num="29" count="2" type="stmt"/>
      <line num="30" count="2" type="stmt"/>
      <line num="32" count="2" type="stmt"/>
      <line num="45" count="1" type="stmt"/>
      <line num="46" count="1" type="stmt"/>
    </file>
    <file name="quote.ts" path="D:\Users\axeld\Kaizen\takehome\kaizen-wheels-takehome-ad\app\lib\quote.ts">
      <metrics statements="9" coveredstatements="9" conditionals="6" coveredconditionals="6" methods="3" coveredmethods="3"/>
      <line num="14" count="4" type="cond" truecount="2" falsecount="0"/>
      <line num="15" count="1" type="stmt"/>
      <line num="17" count="3" type="cond" truecount="2" falsecount="0"/>
      <line num="19" count="2" type="cond" truecount="2" falsecount="0"/>
      <line num="22" count="2" type="stmt"/>
      <line num="24" count="1" type="stmt"/>
      <line num="43" count="6" type="stmt"/>
      <line num="44" count="13" type="stmt"/>
      <line num="48" count="6" type="stmt"/>
    </file>
    <file name="search-params.ts" path="D:\Users\axeld\Kaizen\takehome\kaizen-wheels-takehome-ad\app\lib\search-params.ts">
      <metrics statements="36" coveredstatements="36" conditionals="38" coveredconditionals="38" methods="5" coveredmethods="5"/>
      <line num="13" count="1" type="stmt"/>
      <line num="14" count="1" type="stmt"/>
      <line num="16" count="1" type="stmt"/>
      <line num="24" count="1" type="stmt"/>
      <line num="36" count="3" type="stmt"/>
      <line num="37" count="3" type="cond" truecount="2" falsecount="0"/>
      <line num="41" count="5" type="stmt"/>
      <line num="45" count="3" type="stmt"/>
      <line num="46" count="3" type="stmt"/>
      <line num="47" count="3" type="stmt"/>
      <line num="49" count="3" type="stmt"/>
      <line num="67" count="3" type="stmt"/>
      <line num="69" count="3" type="cond" truecount="2" falsecount="0"/>
      <line num="70" count="3" type="cond" truecount="2" falsecount="0"/>
      <line num="71" count="3" type="cond" truecount="2" falsecount="0"/>
      <line num="72" count="2" type="stmt"/>
      <line num="74" count="3" type="cond" truecount="2" falsecount="0"/>
      <line num="75" count="2" type="stmt"/>
      <line num="77" count="3" type="cond" truecount="2" falsecount="0"/>
      <line num="78" count="2" type="stmt"/>
      <line num="80" count="3" type="cond" truecount="2" falsecount="0"/>
      <line num="81" count="2" type="stmt"/>
      <line num="83" count="3" type="cond" truecount="2" falsecount="0"/>
      <line num="85" count="3" type="stmt"/>
      <line num="89" count="6" type="cond" truecount="4" falsecount="0"/>
      <line num="90" count="4" type="stmt"/>
      <line num="91" count="4" type="stmt"/>
      <line num="92" count="4" type="cond" truecount="2" falsecount="0"/>
      <line num="98" count="1" type="stmt"/>
      <line num="100" count="1" type="stmt"/>
      <line num="101" count="3" type="cond" truecount="2" falsecount="0"/>
      <line num="102" count="2" type="cond" truecount="2" falsecount="0"/>
      <line num="103" count="1" type="stmt"/>
      <line num="104" count="2" type="stmt"/>
      <line num="107" count="1" type="stmt"/>
      <line num="111" count="1" type="stmt"/>
    </file>
  </project>
</coverage>
