{"D:\\Users\\axeld\\Kaizen\\takehome\\kaizen-wheels-takehome-ad\\app\\lib\\addons.ts": {"path":"D:\\Users\\axeld\\Kaizen\\takehome\\kaizen-wheels-takehome-ad\\app\\lib\\addons.ts","statementMap":{"0":{"start":{"line":19,"column":2},"end":{"line":26,"column":null}},"1":{"start":{"line":20,"column":4},"end":{"line":25,"column":null}},"2":{"start":{"line":28,"column":8},"end":{"line":28,"column":null}},"3":{"start":{"line":29,"column":2},"end":{"line":34,"column":null}},"4":{"start":{"line":38,"column":2},"end":{"line":40,"column":null}},"5":{"start":{"line":39,"column":4},"end":{"line":39,"column":null}},"6":{"start":{"line":41,"column":2},"end":{"line":41,"column":null}},"7":{"start":{"line":49,"column":2},"end":{"line":58,"column":null}},"8":{"start":{"line":50,"column":23},"end":{"line":50,"column":52}},"9":{"start":{"line":52,"column":19},"end":{"line":52,"column":null}},"10":{"start":{"line":53,"column":6},"end":{"line":57,"column":null}}},"fnMap":{"0":{"name":"computeAddOnLineItem","decl":{"start":{"line":15,"column":16},"end":{"line":15,"column":null}},"loc":{"start":{"line":18,"column":78},"end":{"line":35,"column":null}},"line":18},"1":{"name":"formatPricingLabel","decl":{"start":{"line":37,"column":16},"end":{"line":37,"column":35}},"loc":{"start":{"line":37,"column":68},"end":{"line":42,"column":null}},"line":37},"2":{"name":"computeSelectedAddOnLines","decl":{"start":{"line":44,"column":16},"end":{"line":44,"column":null}},"loc":{"start":{"line":48,"column":15},"end":{"line":59,"column":null}},"line":48},"3":{"name":"(anonymous_3)","decl":{"start":{"line":50,"column":5},"end":{"line":50,"column":13}},"loc":{"start":{"line":50,"column":23},"end":{"line":50,"column":52}},"line":50},"4":{"name":"(anonymous_4)","decl":{"start":{"line":51,"column":5},"end":{"line":51,"column":10}},"loc":{"start":{"line":51,"column":20},"end":{"line":58,"column":5}},"line":51}},"branchMap":{"0":{"loc":{"start":{"line":19,"column":2},"end":{"line":26,"column":null}},"type":"if","locations":[{"start":{"line":19,"column":2},"end":{"line":26,"column":null}},{"start":{},"end":{}}],"line":19},"1":{"loc":{"start":{"line":38,"column":2},"end":{"line":40,"column":null}},"type":"if","locations":[{"start":{"line":38,"column":2},"end":{"line":40,"column":null}},{"start":{},"end":{}}],"line":38}},"s":{"0":18,"1":8,"2":10,"3":10,"4":2,"5":1,"6":1,"7":5,"8":22,"9":11,"10":11},"f":{"0":18,"1":2,"2":5,"3":22,"4":11},"b":{"0":[8,10],"1":[1,1]},"meta":{"lastBranch":2,"lastFunction":5,"lastStatement":11,"seen":{"f:15:16:15:Infinity":0,"b:19:2:26:Infinity:undefined:undefined:undefined:undefined":0,"s:19:2:26:Infinity":0,"s:20:4:25:Infinity":1,"s:28:8:28:Infinity":2,"s:29:2:34:Infinity":3,"f:37:16:37:35":1,"b:38:2:40:Infinity:undefined:undefined:undefined:undefined":1,"s:38:2:40:Infinity":4,"s:39:4:39:Infinity":5,"s:41:2:41:Infinity":6,"f:44:16:44:Infinity":2,"s:49:2:58:Infinity":7,"f:50:5:50:13":3,"s:50:23:50:52":8,"f:51:5:51:10":4,"s:52:19:52:Infinity":9,"s:53:6:57:Infinity":10},"fnNames":{}}}
,"D:\\Users\\axeld\\Kaizen\\takehome\\kaizen-wheels-takehome-ad\\app\\lib\\availability.ts": {"path":"D:\\Users\\axeld\\Kaizen\\takehome\\kaizen-wheels-takehome-ad\\app\\lib\\availability.ts","statementMap":{"0":{"start":{"line":11,"column":2},"end":{"line":11,"column":null}}},"fnMap":{"0":{"name":"reservationIntervalsOverlap","decl":{"start":{"line":5,"column":16},"end":{"line":5,"column":null}},"loc":{"start":{"line":10,"column":11},"end":{"line":12,"column":null}},"line":10}},"branchMap":{"0":{"loc":{"start":{"line":11,"column":9},"end":{"line":11,"column":null}},"type":"binary-expr","locations":[{"start":{"line":11,"column":9},"end":{"line":11,"column":44}},{"start":{"line":11,"column":44},"end":{"line":11,"column":null}}],"line":11}},"s":{"0":7},"f":{"0":7},"b":{"0":[7,5]},"meta":{"lastBranch":1,"lastFunction":1,"lastStatement":1,"seen":{"f:5:16:5:Infinity":0,"s:11:2:11:Infinity":0,"b:11:9:11:44:11:44:11:Infinity":0},"fnNames":{}}}
,"D:\\Users\\axeld\\Kaizen\\takehome\\kaizen-wheels-takehome-ad\\app\\lib\\discounts.ts": {"path":"D:\\Users\\axeld\\Kaizen\\takehome\\kaizen-wheels-takehome-ad\\app\\lib\\discounts.ts","statementMap":{"0":{"start":{"line":13,"column":2},"end":{"line":20,"column":null}},"1":{"start":{"line":15,"column":6},"end":{"line":15,"column":null}},"2":{"start":{"line":17,"column":6},"end":{"line":17,"column":null}},"3":{"start":{"line":19,"column":6},"end":{"line":19,"column":null}},"4":{"start":{"line":24,"column":2},"end":{"line":24,"column":null}},"5":{"start":{"line":32,"column":8},"end":{"line":32,"column":null}},"6":{"start":{"line":33,"column":2},"end":{"line":33,"column":null}},"7":{"start":{"line":37,"column":2},"end":{"line":37,"column":null}},"8":{"start":{"line":41,"column":2},"end":{"line":41,"column":null}},"9":{"start":{"line":48,"column":25},"end":{"line":48,"column":null}},"10":{"start":{"line":49,"column":2},"end":{"line":49,"column":null}},"11":{"start":{"line":57,"column":24},"end":{"line":57,"column":null}},"12":{"start":{"line":58,"column":8},"end":{"line":58,"column":null}},"13":{"start":{"line":59,"column":25},"end":{"line":59,"column":null}},"14":{"start":{"line":61,"column":76},"end":{"line":63,"column":null}},"15":{"start":{"line":65,"column":2},"end":{"line":70,"column":null}},"16":{"start":{"line":66,"column":4},"end":{"line":69,"column":null}},"17":{"start":{"line":72,"column":2},"end":{"line":77,"column":null}},"18":{"start":{"line":73,"column":4},"end":{"line":76,"column":null}},"19":{"start":{"line":79,"column":15},"end":{"line":84,"column":null}},"20":{"start":{"line":80,"column":4},"end":{"line":82,"column":null}},"21":{"start":{"line":81,"column":6},"end":{"line":81,"column":null}},"22":{"start":{"line":83,"column":4},"end":{"line":83,"column":null}},"23":{"start":{"line":86,"column":2},"end":{"line":94,"column":null}},"24":{"start":{"line":102,"column":16},"end":{"line":102,"column":null}},"25":{"start":{"line":103,"column":14},"end":{"line":103,"column":null}},"26":{"start":{"line":105,"column":2},"end":{"line":109,"column":null}},"27":{"start":{"line":106,"column":4},"end":{"line":108,"column":null}},"28":{"start":{"line":111,"column":2},"end":{"line":113,"column":null}},"29":{"start":{"line":112,"column":4},"end":{"line":112,"column":null}},"30":{"start":{"line":115,"column":2},"end":{"line":115,"column":null}}},"fnMap":{"0":{"name":"discountPriority","decl":{"start":{"line":12,"column":9},"end":{"line":12,"column":26}},"loc":{"start":{"line":12,"column":54},"end":{"line":21,"column":null}},"line":12},"1":{"name":"computeDurationHours","decl":{"start":{"line":23,"column":16},"end":{"line":23,"column":37}},"loc":{"start":{"line":23,"column":77},"end":{"line":25,"column":null}},"line":23},"2":{"name":"computeBasePriceCents","decl":{"start":{"line":28,"column":16},"end":{"line":28,"column":null}},"loc":{"start":{"line":31,"column":10},"end":{"line":34,"column":null}},"line":31},"3":{"name":"holidayDiscountCents","decl":{"start":{"line":36,"column":16},"end":{"line":36,"column":37}},"loc":{"start":{"line":36,"column":69},"end":{"line":38,"column":null}},"line":36},"4":{"name":"durationDiscountCents","decl":{"start":{"line":40,"column":16},"end":{"line":40,"column":38}},"loc":{"start":{"line":40,"column":69},"end":{"line":42,"column":null}},"line":40},"5":{"name":"durationDiscountedBaseCents","decl":{"start":{"line":44,"column":16},"end":{"line":44,"column":null}},"loc":{"start":{"line":47,"column":10},"end":{"line":50,"column":null}},"line":47},"6":{"name":"calculateQuote","decl":{"start":{"line":52,"column":16},"end":{"line":52,"column":null}},"loc":{"start":{"line":56,"column":18},"end":{"line":95,"column":null}},"line":56},"7":{"name":"(anonymous_7)","decl":{"start":{"line":79,"column":31},"end":{"line":79,"column":37}},"loc":{"start":{"line":79,"column":46},"end":{"line":84,"column":3}},"line":79},"8":{"name":"calculateQuoteFromIso","decl":{"start":{"line":97,"column":16},"end":{"line":97,"column":null}},"loc":{"start":{"line":101,"column":18},"end":{"line":116,"column":null}},"line":101}},"branchMap":{"0":{"loc":{"start":{"line":13,"column":2},"end":{"line":20,"column":null}},"type":"switch","locations":[{"start":{"line":14,"column":4},"end":{"line":15,"column":null}},{"start":{"line":16,"column":4},"end":{"line":17,"column":null}},{"start":{"line":18,"column":4},"end":{"line":19,"column":null}}],"line":13},"1":{"loc":{"start":{"line":65,"column":2},"end":{"line":70,"column":null}},"type":"if","locations":[{"start":{"line":65,"column":2},"end":{"line":70,"column":null}},{"start":{},"end":{}}],"line":65},"2":{"loc":{"start":{"line":72,"column":2},"end":{"line":77,"column":null}},"type":"if","locations":[{"start":{"line":72,"column":2},"end":{"line":77,"column":null}},{"start":{},"end":{}}],"line":72},"3":{"loc":{"start":{"line":80,"column":4},"end":{"line":82,"column":null}},"type":"if","locations":[{"start":{"line":80,"column":4},"end":{"line":82,"column":null}},{"start":{},"end":{}}],"line":80},"4":{"loc":{"start":{"line":105,"column":2},"end":{"line":109,"column":null}},"type":"if","locations":[{"start":{"line":105,"column":2},"end":{"line":109,"column":null}},{"start":{},"end":{}}],"line":105},"5":{"loc":{"start":{"line":105,"column":6},"end":{"line":105,"column":38}},"type":"binary-expr","locations":[{"start":{"line":105,"column":6},"end":{"line":105,"column":24}},{"start":{"line":105,"column":24},"end":{"line":105,"column":38}}],"line":105},"6":{"loc":{"start":{"line":111,"column":2},"end":{"line":113,"column":null}},"type":"if","locations":[{"start":{"line":111,"column":2},"end":{"line":113,"column":null}},{"start":{},"end":{}}],"line":111}},"s":{"0":12,"1":5,"2":5,"3":2,"4":13,"5":22,"6":22,"7":8,"8":11,"9":8,"10":8,"11":12,"12":12,"13":12,"14":12,"15":12,"16":6,"17":12,"18":6,"19":12,"20":16,"21":10,"22":6,"23":12,"24":3,"25":3,"26":3,"27":1,"28":2,"29":1,"30":1},"f":{"0":12,"1":13,"2":22,"3":8,"4":11,"5":8,"6":12,"7":16,"8":3},"b":{"0":[5,5,2],"1":[6,6],"2":[6,6],"3":[10,6],"4":[1,2],"5":[3,2],"6":[1,1]},"meta":{"lastBranch":7,"lastFunction":9,"lastStatement":31,"seen":{"f:12:9:12:26":0,"b:14:4:15:Infinity:16:4:17:Infinity:18:4:19:Infinity":0,"s:13:2:20:Infinity":0,"s:15:6:15:Infinity":1,"s:17:6:17:Infinity":2,"s:19:6:19:Infinity":3,"f:23:16:23:37":1,"s:24:2:24:Infinity":4,"f:28:16:28:Infinity":2,"s:32:8:32:Infinity":5,"s:33:2:33:Infinity":6,"f:36:16:36:37":3,"s:37:2:37:Infinity":7,"f:40:16:40:38":4,"s:41:2:41:Infinity":8,"f:44:16:44:Infinity":5,"s:48:25:48:Infinity":9,"s:49:2:49:Infinity":10,"f:52:16:52:Infinity":6,"s:57:24:57:Infinity":11,"s:58:8:58:Infinity":12,"s:59:25:59:Infinity":13,"s:61:76:63:Infinity":14,"b:65:2:70:Infinity:undefined:undefined:undefined:undefined":1,"s:65:2:70:Infinity":15,"s:66:4:69:Infinity":16,"b:72:2:77:Infinity:undefined:undefined:undefined:undefined":2,"s:72:2:77:Infinity":17,"s:73:4:76:Infinity":18,"s:79:15:84:Infinity":19,"f:79:31:79:37":7,"b:80:4:82:Infinity:undefined:undefined:undefined:undefined":3,"s:80:4:82:Infinity":20,"s:81:6:81:Infinity":21,"s:83:4:83:Infinity":22,"s:86:2:94:Infinity":23,"f:97:16:97:Infinity":8,"s:102:16:102:Infinity":24,"s:103:14:103:Infinity":25,"b:105:2:109:Infinity:undefined:undefined:undefined:undefined":4,"s:105:2:109:Infinity":26,"b:105:6:105:24:105:24:105:38":5,"s:106:4:108:Infinity":27,"b:111:2:113:Infinity:undefined:undefined:undefined:undefined":6,"s:111:2:113:Infinity":28,"s:112:4:112:Infinity":29,"s:115:2:115:Infinity":30},"fnNames":{}}}
,"D:\\Users\\axeld\\Kaizen\\takehome\\kaizen-wheels-takehome-ad\\app\\lib\\formatters.tsx": {"path":"D:\\Users\\axeld\\Kaizen\\takehome\\kaizen-wheels-takehome-ad\\app\\lib\\formatters.tsx","statementMap":{"0":{"start":{"line":2,"column":2},"end":{"line":2,"column":null}},"1":{"start":{"line":6,"column":2},"end":{"line":11,"column":null}}},"fnMap":{"0":{"name":"formatCents","decl":{"start":{"line":1,"column":16},"end":{"line":1,"column":28}},"loc":{"start":{"line":1,"column":51},"end":{"line":3,"column":null}},"line":1},"1":{"name":"formatDollars","decl":{"start":{"line":5,"column":16},"end":{"line":5,"column":30}},"loc":{"start":{"line":5,"column":54},"end":{"line":12,"column":null}},"line":5}},"branchMap":{},"s":{"0":2,"1":4},"f":{"0":2,"1":4},"b":{},"meta":{"lastBranch":0,"lastFunction":2,"lastStatement":2,"seen":{"f:1:16:1:28":0,"s:2:2:2:Infinity":0,"f:5:16:5:30":1,"s:6:2:11:Infinity":1},"fnNames":{}}}
,"D:\\Users\\axeld\\Kaizen\\takehome\\kaizen-wheels-takehome-ad\\app\\lib\\holidays.ts": {"path":"D:\\Users\\axeld\\Kaizen\\takehome\\kaizen-wheels-takehome-ad\\app\\lib\\holidays.ts","statementMap":{"0":{"start":{"line":3,"column":35},"end":{"line":14,"column":null}},"1":{"start":{"line":16,"column":37},"end":{"line":16,"column":null}},"2":{"start":{"line":18,"column":47},"end":{"line":18,"column":null}},"3":{"start":{"line":19,"column":40},"end":{"line":19,"column":null}},"4":{"start":{"line":20,"column":31},"end":{"line":20,"column":null}},"5":{"start":{"line":23,"column":2},"end":{"line":25,"column":null}},"6":{"start":{"line":24,"column":11},"end":{"line":24,"column":null}},"7":{"start":{"line":29,"column":15},"end":{"line":29,"column":null}},"8":{"start":{"line":30,"column":18},"end":{"line":30,"column":null}},"9":{"start":{"line":32,"column":2},"end":{"line":37,"column":null}},"10":{"start":{"line":33,"column":4},"end":{"line":35,"column":null}},"11":{"start":{"line":34,"column":6},"end":{"line":34,"column":null}},"12":{"start":{"line":36,"column":4},"end":{"line":36,"column":null}},"13":{"start":{"line":39,"column":2},"end":{"line":39,"column":null}},"14":{"start":{"line":46,"column":20},"end":{"line":46,"column":null}},"15":{"start":{"line":47,"column":21},"end":{"line":47,"column":null}},"16":{"start":{"line":49,"column":2},"end":{"line":52,"column":null}}},"fnMap":{"0":{"name":"isHolidayDate","decl":{"start":{"line":22,"column":16},"end":{"line":22,"column":30}},"loc":{"start":{"line":22,"column":53},"end":{"line":26,"column":null}},"line":22},"1":{"name":"(anonymous_1)","decl":{"start":{"line":23,"column":29},"end":{"line":23,"column":null}},"loc":{"start":{"line":24,"column":11},"end":{"line":24,"column":null}},"line":24},"2":{"name":"spansHoliday","decl":{"start":{"line":28,"column":16},"end":{"line":28,"column":29}},"loc":{"start":{"line":28,"column":70},"end":{"line":40,"column":null}},"line":28},"3":{"name":"qualifiesForHolidayDiscount","decl":{"start":{"line":42,"column":16},"end":{"line":42,"column":null}},"loc":{"start":{"line":45,"column":11},"end":{"line":54,"column":null}},"line":45}},"branchMap":{"0":{"loc":{"start":{"line":24,"column":11},"end":{"line":24,"column":null}},"type":"binary-expr","locations":[{"start":{"line":24,"column":11},"end":{"line":24,"column":35}},{"start":{"line":24,"column":35},"end":{"line":24,"column":null}}],"line":24},"1":{"loc":{"start":{"line":33,"column":4},"end":{"line":35,"column":null}},"type":"if","locations":[{"start":{"line":33,"column":4},"end":{"line":35,"column":null}},{"start":{},"end":{}}],"line":33},"2":{"loc":{"start":{"line":50,"column":4},"end":{"line":52,"column":null}},"type":"binary-expr","locations":[{"start":{"line":50,"column":4},"end":{"line":50,"column":null}},{"start":{"line":51,"column":4},"end":{"line":51,"column":null}},{"start":{"line":52,"column":4},"end":{"line":52,"column":null}}],"line":50}},"s":{"0":3,"1":3,"2":3,"3":3,"4":3,"5":161,"6":1444,"7":24,"8":24,"9":24,"10":126,"11":16,"12":110,"13":8,"14":19,"15":19,"16":19},"f":{"0":161,"1":1444,"2":24,"3":19},"b":{"0":[1444,161],"1":[16,110],"2":[19,12,10]},"meta":{"lastBranch":3,"lastFunction":4,"lastStatement":17,"seen":{"s:3:35:14:Infinity":0,"s:16:37:16:Infinity":1,"s:18:47:18:Infinity":2,"s:19:40:19:Infinity":3,"s:20:31:20:Infinity":4,"f:22:16:22:30":0,"s:23:2:25:Infinity":5,"f:23:29:23:Infinity":1,"s:24:11:24:Infinity":6,"b:24:11:24:35:24:35:24:Infinity":0,"f:28:16:28:29":2,"s:29:15:29:Infinity":7,"s:30:18:30:Infinity":8,"s:32:2:37:Infinity":9,"b:33:4:35:Infinity:undefined:undefined:undefined:undefined":1,"s:33:4:35:Infinity":10,"s:34:6:34:Infinity":11,"s:36:4:36:Infinity":12,"s:39:2:39:Infinity":13,"f:42:16:42:Infinity":3,"s:46:20:46:Infinity":14,"s:47:21:47:Infinity":15,"s:49:2:52:Infinity":16,"b:50:4:50:Infinity:51:4:51:Infinity:52:4:52:Infinity":2},"fnNames":{}}}
,"D:\\Users\\axeld\\Kaizen\\takehome\\kaizen-wheels-takehome-ad\\app\\lib\\pricing.ts": {"path":"D:\\Users\\axeld\\Kaizen\\takehome\\kaizen-wheels-takehome-ad\\app\\lib\\pricing.ts","statementMap":{"0":{"start":{"line":4,"column":2},"end":{"line":4,"column":null}},"1":{"start":{"line":8,"column":16},"end":{"line":8,"column":null}},"2":{"start":{"line":9,"column":14},"end":{"line":9,"column":null}},"3":{"start":{"line":11,"column":2},"end":{"line":15,"column":null}},"4":{"start":{"line":12,"column":4},"end":{"line":14,"column":null}},"5":{"start":{"line":17,"column":2},"end":{"line":19,"column":null}},"6":{"start":{"line":18,"column":4},"end":{"line":18,"column":null}},"7":{"start":{"line":21,"column":2},"end":{"line":21,"column":null}},"8":{"start":{"line":29,"column":26},"end":{"line":29,"column":null}},"9":{"start":{"line":30,"column":23},"end":{"line":30,"column":null}},"10":{"start":{"line":32,"column":2},"end":{"line":37,"column":null}},"11":{"start":{"line":45,"column":25},"end":{"line":45,"column":null}},"12":{"start":{"line":46,"column":2},"end":{"line":46,"column":null}}},"fnMap":{"0":{"name":"rentalDayCount","decl":{"start":{"line":3,"column":16},"end":{"line":3,"column":31}},"loc":{"start":{"line":3,"column":62},"end":{"line":5,"column":null}},"line":3},"1":{"name":"parseAndValidateTimeRange","decl":{"start":{"line":7,"column":16},"end":{"line":7,"column":42}},"loc":{"start":{"line":7,"column":78},"end":{"line":22,"column":null}},"line":7},"2":{"name":"calculateRentalPrice","decl":{"start":{"line":24,"column":16},"end":{"line":24,"column":null}},"loc":{"start":{"line":28,"column":2},"end":{"line":38,"column":null}},"line":28},"3":{"name":"calculateRentalPriceFromIso","decl":{"start":{"line":40,"column":16},"end":{"line":40,"column":null}},"loc":{"start":{"line":44,"column":2},"end":{"line":47,"column":null}},"line":44}},"branchMap":{"0":{"loc":{"start":{"line":11,"column":2},"end":{"line":15,"column":null}},"type":"if","locations":[{"start":{"line":11,"column":2},"end":{"line":15,"column":null}},{"start":{},"end":{}}],"line":11},"1":{"loc":{"start":{"line":11,"column":6},"end":{"line":11,"column":38}},"type":"binary-expr","locations":[{"start":{"line":11,"column":6},"end":{"line":11,"column":24}},{"start":{"line":11,"column":24},"end":{"line":11,"column":38}}],"line":11},"2":{"loc":{"start":{"line":17,"column":2},"end":{"line":19,"column":null}},"type":"if","locations":[{"start":{"line":17,"column":2},"end":{"line":19,"column":null}},{"start":{},"end":{}}],"line":17}},"s":{"0":63,"1":7,"2":7,"3":7,"4":1,"5":6,"6":2,"7":4,"8":2,"9":2,"10":2,"11":1,"12":1},"f":{"0":63,"1":7,"2":2,"3":1},"b":{"0":[1,6],"1":[7,6],"2":[2,4]},"meta":{"lastBranch":3,"lastFunction":4,"lastStatement":13,"seen":{"f:3:16:3:31":0,"s:4:2:4:Infinity":0,"f:7:16:7:42":1,"s:8:16:8:Infinity":1,"s:9:14:9:Infinity":2,"b:11:2:15:Infinity:undefined:undefined:undefined:undefined":0,"s:11:2:15:Infinity":3,"b:11:6:11:24:11:24:11:38":1,"s:12:4:14:Infinity":4,"b:17:2:19:Infinity:undefined:undefined:undefined:undefined":2,"s:17:2:19:Infinity":5,"s:18:4:18:Infinity":6,"s:21:2:21:Infinity":7,"f:24:16:24:Infinity":2,"s:29:26:29:Infinity":8,"s:30:23:30:Infinity":9,"s:32:2:37:Infinity":10,"f:40:16:40:Infinity":3,"s:45:25:45:Infinity":11,"s:46:2:46:Infinity":12},"fnNames":{}}}
,"D:\\Users\\axeld\\Kaizen\\takehome\\kaizen-wheels-takehome-ad\\app\\lib\\quote.ts": {"path":"D:\\Users\\axeld\\Kaizen\\takehome\\kaizen-wheels-takehome-ad\\app\\lib\\quote.ts","statementMap":{"0":{"start":{"line":14,"column":2},"end":{"line":16,"column":null}},"1":{"start":{"line":15,"column":4},"end":{"line":15,"column":null}},"2":{"start":{"line":17,"column":2},"end":{"line":23,"column":null}},"3":{"start":{"line":19,"column":6},"end":{"line":21,"column":null}},"4":{"start":{"line":22,"column":4},"end":{"line":22,"column":null}},"5":{"start":{"line":24,"column":2},"end":{"line":24,"column":null}},"6":{"start":{"line":43,"column":30},"end":{"line":46,"column":null}},"7":{"start":{"line":44,"column":19},"end":{"line":44,"column":null}},"8":{"start":{"line":48,"column":2},"end":{"line":53,"column":null}}},"fnMap":{"0":{"name":"formatDiscountLabel","decl":{"start":{"line":13,"column":16},"end":{"line":13,"column":36}},"loc":{"start":{"line":13,"column":71},"end":{"line":25,"column":null}},"line":13},"1":{"name":"computeFullPriceBreakdown","decl":{"start":{"line":39,"column":16},"end":{"line":39,"column":null}},"loc":{"start":{"line":42,"column":22},"end":{"line":54,"column":null}},"line":42},"2":{"name":"(anonymous_2)","decl":{"start":{"line":43,"column":41},"end":{"line":43,"column":null}},"loc":{"start":{"line":44,"column":19},"end":{"line":44,"column":null}},"line":44}},"branchMap":{"0":{"loc":{"start":{"line":14,"column":2},"end":{"line":16,"column":null}},"type":"if","locations":[{"start":{"line":14,"column":2},"end":{"line":16,"column":null}},{"start":{},"end":{}}],"line":14},"1":{"loc":{"start":{"line":17,"column":2},"end":{"line":23,"column":null}},"type":"if","locations":[{"start":{"line":17,"column":2},"end":{"line":23,"column":null}},{"start":{},"end":{}}],"line":17},"2":{"loc":{"start":{"line":19,"column":6},"end":{"line":21,"column":null}},"type":"cond-expr","locations":[{"start":{"line":20,"column":10},"end":{"line":20,"column":null}},{"start":{"line":21,"column":10},"end":{"line":21,"column":null}}],"line":19}},"s":{"0":4,"1":1,"2":3,"3":2,"4":2,"5":1,"6":6,"7":13,"8":6},"f":{"0":4,"1":6,"2":13},"b":{"0":[1,3],"1":[2,1],"2":[1,1]},"meta":{"lastBranch":3,"lastFunction":3,"lastStatement":9,"seen":{"f:13:16:13:36":0,"b:14:2:16:Infinity:undefined:undefined:undefined:undefined":0,"s:14:2:16:Infinity":0,"s:15:4:15:Infinity":1,"b:17:2:23:Infinity:undefined:undefined:undefined:undefined":1,"s:17:2:23:Infinity":2,"s:19:6:21:Infinity":3,"b:20:10:20:Infinity:21:10:21:Infinity":2,"s:22:4:22:Infinity":4,"s:24:2:24:Infinity":5,"f:39:16:39:Infinity":1,"s:43:30:46:Infinity":6,"f:43:41:43:Infinity":2,"s:44:19:44:Infinity":7,"s:48:2:53:Infinity":8},"fnNames":{}}}
,"D:\\Users\\axeld\\Kaizen\\takehome\\kaizen-wheels-takehome-ad\\app\\lib\\search-params.ts": {"path":"D:\\Users\\axeld\\Kaizen\\takehome\\kaizen-wheels-takehome-ad\\app\\lib\\search-params.ts","statementMap":{"0":{"start":{"line":13,"column":38},"end":{"line":13,"column":null}},"1":{"start":{"line":14,"column":38},"end":{"line":14,"column":null}},"2":{"start":{"line":16,"column":46},"end":{"line":22,"column":null}},"3":{"start":{"line":24,"column":42},"end":{"line":31,"column":null}},"4":{"start":{"line":36,"column":21},"end":{"line":36,"column":null}},"5":{"start":{"line":37,"column":26},"end":{"line":43,"column":null}},"6":{"start":{"line":41,"column":10},"end":{"line":41,"column":null}},"7":{"start":{"line":45,"column":19},"end":{"line":45,"column":null}},"8":{"start":{"line":46,"column":19},"end":{"line":46,"column":null}},"9":{"start":{"line":47,"column":21},"end":{"line":47,"column":null}},"10":{"start":{"line":49,"column":2},"end":{"line":61,"column":null}},"11":{"start":{"line":67,"column":17},"end":{"line":67,"column":null}},"12":{"start":{"line":69,"column":2},"end":{"line":69,"column":null}},"13":{"start":{"line":69,"column":25},"end":{"line":69,"column":null}},"14":{"start":{"line":70,"column":2},"end":{"line":70,"column":null}},"15":{"start":{"line":70,"column":23},"end":{"line":70,"column":null}},"16":{"start":{"line":71,"column":2},"end":{"line":73,"column":null}},"17":{"start":{"line":72,"column":4},"end":{"line":72,"column":null}},"18":{"start":{"line":74,"column":2},"end":{"line":76,"column":null}},"19":{"start":{"line":75,"column":4},"end":{"line":75,"column":null}},"20":{"start":{"line":77,"column":2},"end":{"line":79,"column":null}},"21":{"start":{"line":78,"column":4},"end":{"line":78,"column":null}},"22":{"start":{"line":80,"column":2},"end":{"line":82,"column":null}},"23":{"start":{"line":81,"column":4},"end":{"line":81,"column":null}},"24":{"start":{"line":83,"column":2},"end":{"line":83,"column":null}},"25":{"start":{"line":83,"column":20},"end":{"line":83,"column":null}},"26":{"start":{"line":85,"column":2},"end":{"line":85,"column":null}},"27":{"start":{"line":89,"column":2},"end":{"line":89,"column":null}},"28":{"start":{"line":89,"column":46},"end":{"line":89,"column":null}},"29":{"start":{"line":90,"column":16},"end":{"line":90,"column":null}},"30":{"start":{"line":91,"column":14},"end":{"line":91,"column":null}},"31":{"start":{"line":92,"column":2},"end":{"line":92,"column":null}},"32":{"start":{"line":98,"column":20},"end":{"line":98,"column":null}},"33":{"start":{"line":100,"column":2},"end":{"line":109,"column":null}},"34":{"start":{"line":101,"column":4},"end":{"line":101,"column":null}},"35":{"start":{"line":101,"column":29},"end":{"line":101,"column":null}},"36":{"start":{"line":102,"column":4},"end":{"line":108,"column":null}},"37":{"start":{"line":103,"column":6},"end":{"line":105,"column":null}},"38":{"start":{"line":104,"column":8},"end":{"line":104,"column":null}},"39":{"start":{"line":107,"column":6},"end":{"line":107,"column":null}},"40":{"start":{"line":111,"column":2},"end":{"line":111,"column":null}}},"fnMap":{"0":{"name":"parseSearchFilters","decl":{"start":{"line":33,"column":16},"end":{"line":33,"column":null}},"loc":{"start":{"line":35,"column":17},"end":{"line":62,"column":null}},"line":35},"1":{"name":"(anonymous_1)","decl":{"start":{"line":40,"column":9},"end":{"line":40,"column":17}},"loc":{"start":{"line":41,"column":10},"end":{"line":41,"column":null}},"line":41},"2":{"name":"buildSearchParams","decl":{"start":{"line":64,"column":16},"end":{"line":64,"column":null}},"loc":{"start":{"line":66,"column":19},"end":{"line":86,"column":null}},"line":66},"3":{"name":"hasValidDateRange","decl":{"start":{"line":88,"column":16},"end":{"line":88,"column":34}},"loc":{"start":{"line":88,"column":67},"end":{"line":93,"column":null}},"line":88},"4":{"name":"searchParamsToURLSearchParams","decl":{"start":{"line":95,"column":16},"end":{"line":95,"column":null}},"loc":{"start":{"line":97,"column":19},"end":{"line":112,"column":null}},"line":97}},"branchMap":{"0":{"loc":{"start":{"line":37,"column":26},"end":{"line":43,"column":null}},"type":"cond-expr","locations":[{"start":{"line":38,"column":7},"end":{"line":42,"column":null}},{"start":{"line":43,"column":6},"end":{"line":43,"column":null}}],"line":37},"1":{"loc":{"start":{"line":50,"column":15},"end":{"line":50,"column":null}},"type":"binary-expr","locations":[{"start":{"line":50,"column":15},"end":{"line":50,"column":38}},{"start":{"line":50,"column":38},"end":{"line":50,"column":null}}],"line":50},"2":{"loc":{"start":{"line":51,"column":13},"end":{"line":51,"column":null}},"type":"binary-expr","locations":[{"start":{"line":51,"column":13},"end":{"line":51,"column":34}},{"start":{"line":51,"column":34},"end":{"line":51,"column":null}}],"line":51},"3":{"loc":{"start":{"line":53,"column":23},"end":{"line":55,"column":null}},"type":"cond-expr","locations":[{"start":{"line":54,"column":8},"end":{"line":54,"column":null}},{"start":{"line":55,"column":8},"end":{"line":55,"column":null}}],"line":53},"4":{"loc":{"start":{"line":56,"column":23},"end":{"line":58,"column":null}},"type":"cond-expr","locations":[{"start":{"line":57,"column":8},"end":{"line":57,"column":null}},{"start":{"line":58,"column":8},"end":{"line":58,"column":null}}],"line":56},"5":{"loc":{"start":{"line":59,"column":19},"end":{"line":59,"column":null}},"type":"cond-expr","locations":[{"start":{"line":59,"column":32},"end":{"line":59,"column":66}},{"start":{"line":59,"column":66},"end":{"line":59,"column":null}}],"line":59},"6":{"loc":{"start":{"line":60,"column":10},"end":{"line":60,"column":null}},"type":"binary-expr","locations":[{"start":{"line":60,"column":10},"end":{"line":60,"column":32}},{"start":{"line":60,"column":32},"end":{"line":60,"column":null}}],"line":60},"7":{"loc":{"start":{"line":69,"column":2},"end":{"line":69,"column":null}},"type":"if","locations":[{"start":{"line":69,"column":2},"end":{"line":69,"column":null}},{"start":{},"end":{}}],"line":69},"8":{"loc":{"start":{"line":70,"column":2},"end":{"line":70,"column":null}},"type":"if","locations":[{"start":{"line":70,"column":2},"end":{"line":70,"column":null}},{"start":{},"end":{}}],"line":70},"9":{"loc":{"start":{"line":71,"column":2},"end":{"line":73,"column":null}},"type":"if","locations":[{"start":{"line":71,"column":2},"end":{"line":73,"column":null}},{"start":{},"end":{}}],"line":71},"10":{"loc":{"start":{"line":74,"column":2},"end":{"line":76,"column":null}},"type":"if","locations":[{"start":{"line":74,"column":2},"end":{"line":76,"column":null}},{"start":{},"end":{}}],"line":74},"11":{"loc":{"start":{"line":77,"column":2},"end":{"line":79,"column":null}},"type":"if","locations":[{"start":{"line":77,"column":2},"end":{"line":79,"column":null}},{"start":{},"end":{}}],"line":77},"12":{"loc":{"start":{"line":80,"column":2},"end":{"line":82,"column":null}},"type":"if","locations":[{"start":{"line":80,"column":2},"end":{"line":82,"column":null}},{"start":{},"end":{}}],"line":80},"13":{"loc":{"start":{"line":83,"column":2},"end":{"line":83,"column":null}},"type":"if","locations":[{"start":{"line":83,"column":2},"end":{"line":83,"column":null}},{"start":{},"end":{}}],"line":83},"14":{"loc":{"start":{"line":89,"column":2},"end":{"line":89,"column":null}},"type":"if","locations":[{"start":{"line":89,"column":2},"end":{"line":89,"column":null}},{"start":{},"end":{}}],"line":89},"15":{"loc":{"start":{"line":89,"column":6},"end":{"line":89,"column":46}},"type":"binary-expr","locations":[{"start":{"line":89,"column":6},"end":{"line":89,"column":28}},{"start":{"line":89,"column":28},"end":{"line":89,"column":46}}],"line":89},"16":{"loc":{"start":{"line":92,"column":9},"end":{"line":92,"column":null}},"type":"binary-expr","locations":[{"start":{"line":92,"column":9},"end":{"line":92,"column":43}},{"start":{"line":92,"column":43},"end":{"line":92,"column":null}}],"line":92},"17":{"loc":{"start":{"line":101,"column":4},"end":{"line":101,"column":null}},"type":"if","locations":[{"start":{"line":101,"column":4},"end":{"line":101,"column":null}},{"start":{},"end":{}}],"line":101},"18":{"loc":{"start":{"line":102,"column":4},"end":{"line":108,"column":null}},"type":"if","locations":[{"start":{"line":102,"column":4},"end":{"line":108,"column":null}},{"start":{"line":106,"column":11},"end":{"line":108,"column":null}}],"line":102}},"s":{"0":1,"1":1,"2":1,"3":1,"4":3,"5":3,"6":5,"7":3,"8":3,"9":3,"10":3,"11":3,"12":3,"13":2,"14":3,"15":2,"16":3,"17":2,"18":3,"19":2,"20":3,"21":2,"22":3,"23":2,"24":3,"25":2,"26":3,"27":6,"28":2,"29":4,"30":4,"31":4,"32":1,"33":1,"34":3,"35":1,"36":2,"37":1,"38":2,"39":1,"40":1},"f":{"0":3,"1":5,"2":3,"3":6,"4":1},"b":{"0":[2,1],"1":[3,1],"2":[3,1],"3":[2,1],"4":[2,1],"5":[2,1],"6":[3,1],"7":[2,1],"8":[2,1],"9":[2,1],"10":[2,1],"11":[2,1],"12":[2,1],"13":[2,1],"14":[2,4],"15":[6,5],"16":[4,3],"17":[1,2],"18":[1,1]},"meta":{"lastBranch":19,"lastFunction":5,"lastStatement":41,"seen":{"s:13:38:13:Infinity":0,"s:14:38:14:Infinity":1,"s:16:46:22:Infinity":2,"s:24:42:31:Infinity":3,"f:33:16:33:Infinity":0,"s:36:21:36:Infinity":4,"s:37:26:43:Infinity":5,"b:38:7:42:Infinity:43:6:43:Infinity":0,"f:40:9:40:17":1,"s:41:10:41:Infinity":6,"s:45:19:45:Infinity":7,"s:46:19:46:Infinity":8,"s:47:21:47:Infinity":9,"s:49:2:61:Infinity":10,"b:50:15:50:38:50:38:50:Infinity":1,"b:51:13:51:34:51:34:51:Infinity":2,"b:54:8:54:Infinity:55:8:55:Infinity":3,"b:57:8:57:Infinity:58:8:58:Infinity":4,"b:59:32:59:66:59:66:59:Infinity":5,"b:60:10:60:32:60:32:60:Infinity":6,"f:64:16:64:Infinity":2,"s:67:17:67:Infinity":11,"b:69:2:69:Infinity:undefined:undefined:undefined:undefined":7,"s:69:2:69:Infinity":12,"s:69:25:69:Infinity":13,"b:70:2:70:Infinity:undefined:undefined:undefined:undefined":8,"s:70:2:70:Infinity":14,"s:70:23:70:Infinity":15,"b:71:2:73:Infinity:undefined:undefined:undefined:undefined":9,"s:71:2:73:Infinity":16,"s:72:4:72:Infinity":17,"b:74:2:76:Infinity:undefined:undefined:undefined:undefined":10,"s:74:2:76:Infinity":18,"s:75:4:75:Infinity":19,"b:77:2:79:Infinity:undefined:undefined:undefined:undefined":11,"s:77:2:79:Infinity":20,"s:78:4:78:Infinity":21,"b:80:2:82:Infinity:undefined:undefined:undefined:undefined":12,"s:80:2:82:Infinity":22,"s:81:4:81:Infinity":23,"b:83:2:83:Infinity:undefined:undefined:undefined:undefined":13,"s:83:2:83:Infinity":24,"s:83:20:83:Infinity":25,"s:85:2:85:Infinity":26,"f:88:16:88:34":3,"b:89:2:89:Infinity:undefined:undefined:undefined:undefined":14,"s:89:2:89:Infinity":27,"b:89:6:89:28:89:28:89:46":15,"s:89:46:89:Infinity":28,"s:90:16:90:Infinity":29,"s:91:14:91:Infinity":30,"s:92:2:92:Infinity":31,"b:92:9:92:43:92:43:92:Infinity":16,"f:95:16:95:Infinity":4,"s:98:20:98:Infinity":32,"s:100:2:109:Infinity":33,"b:101:4:101:Infinity:undefined:undefined:undefined:undefined":17,"s:101:4:101:Infinity":34,"s:101:29:101:Infinity":35,"b:102:4:108:Infinity:106:11:108:Infinity":18,"s:102:4:108:Infinity":36,"s:103:6:105:Infinity":37,"s:104:8:104:Infinity":38,"s:107:6:107:Infinity":39,"s:111:2:111:Infinity":40},"fnNames":{}}}
}
